130111 12:57:50 mysqld_safe Starting mysqld.bin daemon with databases from /Applications/BitNamiStackWordPress.app/Contents/Resources/app/mysql/data
130111 12:57:50 [Note] Plugin 'FEDERATED' is disabled.
130111 12:57:50 InnoDB: The InnoDB memory heap is disabled
130111 12:57:50 InnoDB: Mutexes and rw_locks use GCC atomic builtins
130111 12:57:50 InnoDB: Compressed tables use zlib 1.2.3
130111 12:57:50 InnoDB: Initializing buffer pool, size = 128.0M
130111 12:57:50 InnoDB: Completed initialization of buffer pool
InnoDB: The first specified data file ./ibdata1 did not exist:
InnoDB: a new database to be created!
130111 12:57:50  InnoDB: Setting file ./ibdata1 size to 10 MB
InnoDB: Database physically writes the file full: wait...
130111 12:57:50  InnoDB: Log file ./ib_logfile0 did not exist: new to be created
InnoDB: Setting log file ./ib_logfile0 size to 5 MB
InnoDB: Database physically writes the file full: wait...
130111 12:57:50  InnoDB: Log file ./ib_logfile1 did not exist: new to be created
InnoDB: Setting log file ./ib_logfile1 size to 5 MB
InnoDB: Database physically writes the file full: wait...
InnoDB: Doublewrite buffer not found: creating new
InnoDB: Doublewrite buffer created
InnoDB: 127 rollback segment(s) active.
InnoDB: Creating foreign key constraint system tables
InnoDB: Foreign key constraint system tables created
130111 12:57:51  InnoDB: Waiting for the background threads to start
130111 12:57:52 InnoDB: 1.1.8 started; log sequence number 0
130111 12:57:52 [Note] Server hostname (bind-address): '127.0.0.1'; port: 3306
130111 12:57:52 [Note]   - '127.0.0.1' resolves to '127.0.0.1';
130111 12:57:52 [Note] Server socket created on IP: '127.0.0.1'.
130111 12:57:52 [Note] Event Scheduler: Loaded 0 events
130111 12:57:52 [Note] /Applications/BitNamiStackWordPress.app/Contents/Resources/app/mysql/bin/mysqld.bin: ready for connections.
Version: '5.5.28'  socket: '/Applications/BitNamiStackWordPress.app/Contents/Resources/app/mysql/tmp/mysql.sock'  port: 3306  MySQL Community Server (GPL)
130111 12:59:11 [Note] /Applications/BitNamiStackWordPress.app/Contents/Resources/app/mysql/bin/mysqld.bin: Normal shutdown

130111 12:59:11 [Note] Event Scheduler: Purging the queue. 0 events
130111 12:59:11  InnoDB: Starting shutdown...
130111 12:59:11  InnoDB: Shutdown completed; log sequence number 2237453
130111 12:59:11 [Note] /Applications/BitNamiStackWordPress.app/Contents/Resources/app/mysql/bin/mysqld.bin: Shutdown complete

130111 12:59:11 mysqld_safe mysqld from pid file /Applications/BitNamiStackWordPress.app/Contents/Resources/app/mysql/data/mysqld.pid ended
130928 13:15:29 mysqld_safe Starting mysqld.bin daemon with databases from /Users/ezequiel/Library/Containers/com.bitnami.wordpress/Data/app/mysql/data
130928 13:15:29 [Note] Plugin 'FEDERATED' is disabled.
130928 13:15:29 InnoDB: The InnoDB memory heap is disabled
130928 13:15:29 InnoDB: Mutexes and rw_locks use GCC atomic builtins
130928 13:15:29 InnoDB: Compressed tables use zlib 1.2.3
130928 13:15:29 InnoDB: Initializing buffer pool, size = 128.0M
130928 13:15:29 InnoDB: Completed initialization of buffer pool
130928 13:15:29 InnoDB: highest supported file format is Barracuda.
130928 13:15:29  InnoDB: Waiting for the background threads to start
130928 13:15:30 InnoDB: 1.1.8 started; log sequence number 2237453
130928 13:15:30 [Note] Server hostname (bind-address): '127.0.0.1'; port: 3307
130928 13:15:30 [Note]   - '127.0.0.1' resolves to '127.0.0.1';
130928 13:15:30 [Note] Server socket created on IP: '127.0.0.1'.
130928 13:15:30 [Note] Event Scheduler: Loaded 0 events
130928 13:15:30 [Note] /Applications/BitNamiStackWordPress.app/Contents/Resources/app/mysql/bin/mysqld.bin: ready for connections.
Version: '5.5.28'  socket: '/Users/ezequiel/Library/Containers/com.bitnami.wordpress/Data/app/mysql/tmp/mysql.sock'  port: 3307  MySQL Community Server (GPL)
131001 12:57:42 [Note] /Applications/BitNamiStackWordPress.app/Contents/Resources/app/mysql/bin/mysqld.bin: Normal shutdown

131001 12:57:42 [Note] Event Scheduler: Purging the queue. 0 events
131001 12:57:42  InnoDB: Starting shutdown...
131001 12:57:44  InnoDB: Shutdown completed; log sequence number 3687581
131001 12:57:44 [Note] /Applications/BitNamiStackWordPress.app/Contents/Resources/app/mysql/bin/mysqld.bin: Shutdown complete

131001 21:37:49 mysqld_safe Starting mysqld.bin daemon with databases from /Users/ezequiel/Library/Containers/com.bitnami.wordpress/Data/app/mysql/data
131001 21:37:49 [Note] Plugin 'FEDERATED' is disabled.
131001 21:37:49 InnoDB: The InnoDB memory heap is disabled
131001 21:37:49 InnoDB: Mutexes and rw_locks use GCC atomic builtins
131001 21:37:49 InnoDB: Compressed tables use zlib 1.2.3
131001 21:37:49 InnoDB: Initializing buffer pool, size = 128.0M
131001 21:37:49 InnoDB: Completed initialization of buffer pool
131001 21:37:49 InnoDB: highest supported file format is Barracuda.
131001 21:37:50  InnoDB: Waiting for the background threads to start
131001 21:37:51 InnoDB: 1.1.8 started; log sequence number 3687581
131001 21:37:51 [Note] Server hostname (bind-address): '127.0.0.1'; port: 3307
131001 21:37:51 [Note]   - '127.0.0.1' resolves to '127.0.0.1';
131001 21:37:51 [Note] Server socket created on IP: '127.0.0.1'.
131001 21:37:51 [Note] Event Scheduler: Loaded 0 events
131001 21:37:51 [Note] /Applications/BitNamiStackWordPress.app/Contents/Resources/app/mysql/bin/mysqld.bin: ready for connections.
Version: '5.5.28'  socket: '/Users/ezequiel/Library/Containers/com.bitnami.wordpress/Data/app/mysql/tmp/mysql.sock'  port: 3307  MySQL Community Server (GPL)
131002 22:06:24 [Note] /Applications/BitNamiStackWordPress.app/Contents/Resources/app/mysql/bin/mysqld.bin: Normal shutdown

131002 22:06:24 [Note] Event Scheduler: Purging the queue. 0 events
131002 22:06:24  InnoDB: Starting shutdown...
131002 22:06:25  InnoDB: Shutdown completed; log sequence number 4639506
131002 22:06:25 [Note] /Applications/BitNamiStackWordPress.app/Contents/Resources/app/mysql/bin/mysqld.bin: Shutdown complete

131002 23:39:18 mysqld_safe Starting mysqld.bin daemon with databases from /Users/ezequiel/Library/Containers/com.bitnami.wordpress/Data/app/mysql/data
131002 23:39:18 [Note] Plugin 'FEDERATED' is disabled.
131002 23:39:18 InnoDB: The InnoDB memory heap is disabled
131002 23:39:18 InnoDB: Mutexes and rw_locks use GCC atomic builtins
131002 23:39:18 InnoDB: Compressed tables use zlib 1.2.3
131002 23:39:18 InnoDB: Initializing buffer pool, size = 128.0M
131002 23:39:18 InnoDB: Completed initialization of buffer pool
131002 23:39:18 InnoDB: highest supported file format is Barracuda.
131002 23:39:18  InnoDB: Waiting for the background threads to start
131002 23:39:19 InnoDB: 1.1.8 started; log sequence number 4639506
131002 23:39:19 [Note] Server hostname (bind-address): '127.0.0.1'; port: 3307
131002 23:39:19 [Note]   - '127.0.0.1' resolves to '127.0.0.1';
131002 23:39:19 [Note] Server socket created on IP: '127.0.0.1'.
131002 23:39:19 [Note] Event Scheduler: Loaded 0 events
131002 23:39:19 [Note] /Applications/BitNamiStackWordPress.app/Contents/Resources/app/mysql/bin/mysqld.bin: ready for connections.
Version: '5.5.28'  socket: '/Users/ezequiel/Library/Containers/com.bitnami.wordpress/Data/app/mysql/tmp/mysql.sock'  port: 3307  MySQL Community Server (GPL)
131003  8:43:43 [Note] /Applications/BitNamiStackWordPress.app/Contents/Resources/app/mysql/bin/mysqld.bin: Normal shutdown

131003  8:43:43 [Note] Event Scheduler: Purging the queue. 0 events
131003  8:43:43  InnoDB: Starting shutdown...
131003  8:43:45  InnoDB: Shutdown completed; log sequence number 4694981
131003  8:43:45 [Note] /Applications/BitNamiStackWordPress.app/Contents/Resources/app/mysql/bin/mysqld.bin: Shutdown complete

